[INFO] Scanning for projects...
[INFO] ------------------------------------------------------------------------
[INFO] Detecting the operating system and CPU architecture
[INFO] ------------------------------------------------------------------------
[INFO] os.detected.name: windows
[INFO] os.detected.arch: x86_64
[INFO] os.detected.bitness: 64
[INFO] os.detected.version: 10.0
[INFO] os.detected.version.major: 10
[INFO] os.detected.version.minor: 0
[INFO] os.detected.classifier: windows-x86_64
[INFO] 
[INFO] -----------------------< com.xsh:device-server >------------------------
[INFO] Building device-server 1.0.0-SNAPSHOT
[INFO] --------------------------------[ jar ]---------------------------------
[INFO] 
[INFO] --- maven-enforcer-plugin:3.4.1:enforce (enforce-versions) @ device-server ---
[INFO] Rule 0: org.apache.maven.enforcer.rules.BanDuplicatePomDependencyVersions passed
[INFO] 
[INFO] --- jacoco-maven-plugin:0.8.11:prepare-agent (default) @ device-server ---
[INFO] argLine set to -javaagent:C:\\mvn_repo\\org\\jacoco\\org.jacoco.agent\\0.8.11\\org.jacoco.agent-0.8.11-runtime.jar=destfile=C:\\idea_workspace\\device_server\\target\\jacoco.exec
[INFO] 
[INFO] --- protobuf-maven-plugin:0.6.1:compile (default) @ device-server ---
[INFO] Compiling 1 proto file(s) to C:\idea_workspace\device_server\target\generated-sources\protobuf\java
[INFO] 
[INFO] --- maven-resources-plugin:3.3.1:resources (default-resources) @ device-server ---
[INFO] Copying 1 resource from src\main\resources to target\classes
[INFO] Copying 1 resource from src\main\resources to target\classes
[INFO] Copying 1 resource from src\main\proto to target\classes
[INFO] 
[INFO] --- maven-compiler-plugin:3.11.0:compile (default-compile) @ device-server ---
[INFO] Changes detected - recompiling the module! :source
[INFO] Compiling 60 source files with javac [debug release 17] to target\classes
[INFO] /C:/idea_workspace/device_server/src/main/java/com/xsh/netty/config/NettyServerBootstrap.java: 某些输入文件使用或覆盖了已过时的 API。
[INFO] /C:/idea_workspace/device_server/src/main/java/com/xsh/netty/config/NettyServerBootstrap.java: 有关详细信息, 请使用 -Xlint:deprecation 重新编译。
[INFO] -------------------------------------------------------------
[ERROR] COMPILATION ERROR : 
[INFO] -------------------------------------------------------------
[ERROR] /C:/idea_workspace/device_server/src/main/java/com/xsh/netty/handler/MqttBusinessHandler.java:[98,27] 不兼容的类型: io.netty.handler.codec.mqtt.MqttMessage无法转换为io.netty.handler.codec.mqtt.MqttPubAckMessage
[ERROR] /C:/idea_workspace/device_server/src/main/java/com/xsh/netty/handler/MqttBusinessHandler.java:[118,17] 无法将类 io.netty.handler.codec.mqtt.MqttMessageBuilders.SubAckBuilder中的方法 addGrantedQoses应用到给定类型;
  需要: io.netty.handler.codec.mqtt.MqttQoS[]
  找到:    java.util.List<io.netty.handler.codec.mqtt.MqttQoS>
  原因: varargs 不匹配; java.util.List<io.netty.handler.codec.mqtt.MqttQoS>无法转换为io.netty.handler.codec.mqtt.MqttQoS
[INFO] 2 errors 
[INFO] -------------------------------------------------------------
[INFO] ------------------------------------------------------------------------
[INFO] BUILD FAILURE
[INFO] ------------------------------------------------------------------------
[INFO] Total time:  4.010 s
[INFO] Finished at: 2026-06-17T18:12:09+08:00
[INFO] ------------------------------------------------------------------------
[ERROR] Failed to execute goal org.apache.maven.plugins:maven-compiler-plugin:3.11.0:compile (default-compile) on project device-server: Compilation failure: Compilation failure: 
[ERROR] /C:/idea_workspace/device_server/src/main/java/com/xsh/netty/handler/MqttBusinessHandler.java:[98,27] 不兼容的类型: io.netty.handler.codec.mqtt.MqttMessage无法转换为io.netty.handler.codec.mqtt.MqttPubAckMessage
[ERROR] /C:/idea_workspace/device_server/src/main/java/com/xsh/netty/handler/MqttBusinessHandler.java:[118,17] 无法将类 io.netty.handler.codec.mqtt.MqttMessageBuilders.SubAckBuilder中的方法 addGrantedQoses应用到给定类型;
[ERROR]   需要: io.netty.handler.codec.mqtt.MqttQoS[]
[ERROR]   找到:    java.util.List<io.netty.handler.codec.mqtt.MqttQoS>
[ERROR]   原因: varargs 不匹配; java.util.List<io.netty.handler.codec.mqtt.MqttQoS>无法转换为io.netty.handler.codec.mqtt.MqttQoS
[ERROR] -> [Help 1]
[ERROR] 
[ERROR] To see the full stack trace of the errors, re-run Maven with the -e switch.
[ERROR] Re-run Maven using the -X switch to enable full debug logging.
[ERROR] 
[ERROR] For more information about the errors and possible solutions, please read the following articles:
[ERROR] [Help 1] http://cwiki.apache.org/confluence/display/MAVEN/MojoFailureException
